<?xml version="1.0" encoding="UTF-8"?>
<!-- Generated by org.testng.reporters.JUnitReportReporter -->
<testsuite skipped="0" hostname="Nikhil-LP" name="APITestcases.BindingAndRebinding" tests="1" failures="0" timestamp="25 Dec 2021 14:51:04 GMT" time="2.191" errors="0">
  <testcase name="createBorrowerUser" time="2.191" classname="APITestcases.BindingAndRebinding"/>
</testsuite> <!-- APITestcases.BindingAndRebinding -->
