<?xml version="1.0" encoding="UTF-8"?>
<!-- Generated by org.testng.reporters.JUnitReportReporter -->
<testsuite skipped="0" hostname="Nikhil-LP" name="APITestcases.CreditLimit" tests="4" failures="0" timestamp="27 Dec 2021 15:00:28 GMT" time="11.080" errors="0">
  <testcase name="createBorrowerUser" time="2.921" classname="APITestcases.CreditLimit"/>
  <testcase name="bindingUserWithValidPartner" time="3.274" classname="APITestcases.CreditLimit"/>
  <testcase name="createCreditLimit" time="1.764" classname="APITestcases.CreditLimit"/>
  <testcase name="createCreditLimitForSameUser" time="3.121" classname="APITestcases.CreditLimit"/>
</testsuite> <!-- APITestcases.CreditLimit -->
