<?xml version="1.0" encoding="UTF-8"?>
<!-- Generated by org.testng.reporters.JUnitReportReporter -->
<testsuite skipped="0" hostname="Nikhil-LP" name="DataDrivenTest.dataProvide" tests="2" failures="0" timestamp="25 Dec 2021 18:36:06 GMT" time="0.008" errors="0">
  <testcase name="testCaseData" time="0.007" classname="DataDrivenTest.dataProvide"/>
  <testcase name="testCaseData" time="0.001" classname="DataDrivenTest.dataProvide"/>
</testsuite> <!-- DataDrivenTest.dataProvide -->
