<?xml version="1.0" encoding="UTF-8"?>
<!-- Generated by org.testng.reporters.JUnitReportReporter -->
<testsuite skipped="0" hostname="Nikhil-LP" name="APITestcases.specBuilder" tests="3" failures="0" timestamp="25 Jun 2021 09:28:06 GMT" time="20.407" errors="0">
  <testcase name="createLenderUser" time="9.018" classname="APITestcases.specBuilder"/>
  <testcase name="viewLenderUser" time="6.168" classname="APITestcases.specBuilder"/>
  <testcase name="updateLenderUser" time="5.221" classname="APITestcases.specBuilder"/>
</testsuite> <!-- APITestcases.specBuilder -->
