<?xml version="1.0" encoding="UTF-8"?>
<!-- Generated by org.testng.reporters.JUnitReportReporter -->
<testsuite skipped="0" hostname="Nikhil-LP" name="APITestcases.CreateDuplicateLenderUser" tests="2" failures="0" timestamp="26 Jun 2021 11:15:03 GMT" time="16.652" errors="0">
  <testcase name="createLenderUser" time="7.016" classname="APITestcases.CreateDuplicateLenderUser"/>
  <testcase name="LenderUser" time="9.636" classname="APITestcases.CreateDuplicateLenderUser"/>
</testsuite> <!-- APITestcases.CreateDuplicateLenderUser -->
