<?xml version="1.0" encoding="UTF-8"?>
<!-- Generated by org.testng.reporters.JUnitReportReporter -->
<testsuite skipped="0" hostname="Nikhil-LP" name="APITestcases.BorrowerUser" tests="4" failures="0" timestamp="25 Dec 2021 15:33:11 GMT" time="17.575" errors="0">
  <testcase name="createBorrowerUser" time="3.688" classname="APITestcases.BorrowerUser"/>
  <testcase name="createBorrowerWithDuplicateValues" time="5.271" classname="APITestcases.BorrowerUser"/>
  <testcase name="checkExistingBorrowerUser" time="5.263" classname="APITestcases.BorrowerUser"/>
  <testcase name="updatedBorrowerUser" time="3.353" classname="APITestcases.BorrowerUser"/>
</testsuite> <!-- APITestcases.BorrowerUser -->
