<?xml version="1.0" encoding="UTF-8"?>
<!-- Generated by org.testng.reporters.JUnitReportReporter -->
<testsuite skipped="0" hostname="Nikhil-LP" name="APITestcases.LoanDisburesment" tests="5" failures="0" timestamp="28 Dec 2021 05:59:28 GMT" time="18.933" errors="0">
  <testcase name="createBorrowerUser" time="2.742" classname="APITestcases.LoanDisburesment"/>
  <testcase name="bindingUserWithValidPartner" time="2.247" classname="APITestcases.LoanDisburesment"/>
  <testcase name="createCreditLimit" time="5.662" classname="APITestcases.LoanDisburesment"/>
  <testcase name="UpdateCreditLimitForUser" time="4.540" classname="APITestcases.LoanDisburesment"/>
  <testcase name="loanDirsbumentPositive" time="3.742" classname="APITestcases.LoanDisburesment"/>
</testsuite> <!-- APITestcases.LoanDisburesment -->
