<?xml version="1.0" encoding="UTF-8"?>
<!-- Generated by org.testng.reporters.JUnitReportReporter -->
<testsuite skipped="0" hostname="Nikhil-LP" name="APITestcases.BorrowerUser" tests="1" failures="0" timestamp="28 Dec 2021 05:21:52 GMT" time="16.800" errors="0">
  <testcase name="createBorrowerUser" time="16.800" classname="APITestcases.BorrowerUser"/>
</testsuite> <!-- APITestcases.BorrowerUser -->
