<?xml version="1.0" encoding="UTF-8"?>
<!-- Generated by org.testng.reporters.JUnitReportReporter -->
<testsuite skipped="0" hostname="Nikhil-LP" name="APITestcases.LoanDisburesment" tests="5" failures="0" timestamp="27 Dec 2021 14:46:22 GMT" time="10.729" errors="0">
  <testcase name="createBorrowerUser" time="2.578" classname="APITestcases.LoanDisburesment"/>
  <testcase name="bindingUserWithValidPartner" time="3.265" classname="APITestcases.LoanDisburesment"/>
  <testcase name="createCreditLimit" time="1.610" classname="APITestcases.LoanDisburesment"/>
  <testcase name="UpdateCreditLimitForUser" time="1.644" classname="APITestcases.LoanDisburesment"/>
  <testcase name="loanDirsbumentPositive" time="1.632" classname="APITestcases.LoanDisburesment"/>
</testsuite> <!-- APITestcases.LoanDisburesment -->
