<?xml version="1.0" encoding="UTF-8"?>
<!-- Generated by org.testng.reporters.JUnitReportReporter -->
<testsuite skipped="0" hostname="Nikhil-LP" name="APITestcases.CreditLimit" tests="4" failures="0" timestamp="25 Dec 2021 14:20:21 GMT" time="6.938" errors="0">
  <testcase name="createBorrowerUser" time="1.977" classname="APITestcases.CreditLimit"/>
  <testcase name="bindingUserWithValidPartner" time="1.681" classname="APITestcases.CreditLimit"/>
  <testcase name="createCreditLimit" time="1.590" classname="APITestcases.CreditLimit"/>
  <testcase name="createCreditLimitForSameUser" time="1.690" classname="APITestcases.CreditLimit"/>
</testsuite> <!-- APITestcases.CreditLimit -->
