<?xml version="1.0" encoding="UTF-8"?>
<!-- Generated by org.testng.reporters.JUnitReportReporter -->
<testsuite skipped="0" hostname="Nikhil-LP" name="APITestcases.POST_ValidateLenderRegistration" tests="2" failures="0" timestamp="25 Jun 2021 09:33:19 GMT" time="15.878" errors="0">
  <testcase name="createLenderUser" time="9.851" classname="APITestcases.POST_ValidateLenderRegistration"/>
  <testcase name="viewLenderUser" time="6.027" classname="APITestcases.POST_ValidateLenderRegistration"/>
</testsuite> <!-- APITestcases.POST_ValidateLenderRegistration -->
