<?xml version="1.0" encoding="UTF-8"?>
<!-- Generated by org.testng.reporters.JUnitReportReporter -->
<testsuite skipped="0" hostname="Nikhil-LP" name="APITestcases.BorrowerUser" tests="1" failures="0" timestamp="27 Dec 2021 14:13:50 GMT" time="12.303" errors="0">
  <testcase name="createBorrowerUser" time="12.303" classname="APITestcases.BorrowerUser"/>
</testsuite> <!-- APITestcases.BorrowerUser -->
