<?xml version="1.0" encoding="UTF-8"?>
<!-- Generated by org.testng.reporters.JUnitReportReporter -->
<testsuite skipped="0" hostname="Nikhil-LP" name="APITestcases.LenderUser2" tests="2" failures="0" timestamp="26 Jun 2021 06:00:29 GMT" time="20.765" errors="0">
  <testcase name="createLenderUser" time="9.800" classname="APITestcases.LenderUser2"/>
  <testcase name="LenderUser" time="10.965" classname="APITestcases.LenderUser2"/>
</testsuite> <!-- APITestcases.LenderUser2 -->
