<?xml version="1.0" encoding="UTF-8"?>
<!-- Generated by org.testng.reporters.JUnitReportReporter -->
<testsuite skipped="0" hostname="Nikhil-LP" name="APITestcases.Demo2_POST_Request" tests="1" failures="0" timestamp="05 Jun 2021 14:00:46 GMT" time="4.583" errors="0">
  <testcase name="createLenderUser" time="4.583" classname="APITestcases.Demo2_POST_Request"/>
</testsuite> <!-- APITestcases.Demo2_POST_Request -->
