<?xml version="1.0" encoding="UTF-8"?>
<!-- Generated by org.testng.reporters.JUnitReportReporter -->
<testsuite skipped="0" hostname="Nikhil-LP" name="APITestcases.UpdateCreditLimit" tests="5" failures="0" timestamp="25 Dec 2021 14:20:21 GMT" time="9.251" errors="0">
  <testcase name="createBorrowerUser" time="2.018" classname="APITestcases.UpdateCreditLimit"/>
  <testcase name="bindingUserWithValidPartner" time="1.539" classname="APITestcases.UpdateCreditLimit"/>
  <testcase name="createCreditLimit" time="1.610" classname="APITestcases.UpdateCreditLimit"/>
  <testcase name="createCreditLimitForSameUser" time="2.194" classname="APITestcases.UpdateCreditLimit"/>
  <testcase name="UpdateCreditLimitForUser" time="1.890" classname="APITestcases.UpdateCreditLimit"/>
</testsuite> <!-- APITestcases.UpdateCreditLimit -->
