<?xml version="1.0" encoding="UTF-8"?>
<!-- Generated by org.testng.reporters.JUnitReportReporter -->
<testsuite skipped="0" hostname="Nikhil-LP" name="APITestcases.CreateBorrowerUser" tests="4" failures="0" timestamp="23 Dec 2021 05:05:45 GMT" time="9.774" errors="0">
  <testcase name="createBorrowerUser" time="2.039" classname="APITestcases.CreateBorrowerUser"/>
  <testcase name="createBorrowerWithDuplicateValues" time="1.811" classname="APITestcases.CreateBorrowerUser"/>
  <testcase name="checkExistingBorrowerUser" time="1.589" classname="APITestcases.CreateBorrowerUser"/>
  <testcase name="updatedBorrowerUser" time="4.335" classname="APITestcases.CreateBorrowerUser"/>
</testsuite> <!-- APITestcases.CreateBorrowerUser -->
