<?xml version="1.0" encoding="UTF-8"?>
<!-- Generated by org.testng.reporters.JUnitReportReporter -->
<testsuite skipped="0" hostname="Nikhil-LP" name="APITestcases.PartnerUser" tests="3" failures="0" timestamp="27 Jun 2021 09:33:23 GMT" time="15.599" errors="0">
  <testcase name="createPartnerUser" time="7.198" classname="APITestcases.PartnerUser"/>
  <testcase name="viewPartnerUser" time="3.193" classname="APITestcases.PartnerUser"/>
  <testcase name="updatePartnerUser" time="5.208" classname="APITestcases.PartnerUser"/>
</testsuite> <!-- APITestcases.PartnerUser -->
