<?xml version="1.0" encoding="UTF-8"?>
<!-- Generated by org.testng.reporters.JUnitReportReporter -->
<testsuite skipped="0" hostname="Nikhil-LP" name="APITestcases.CreateDuplicateLenderUser" tests="2" failures="0" timestamp="27 Jun 2021 09:33:23 GMT" time="20.240" errors="0">
  <testcase name="createLenderUser" time="10.232" classname="APITestcases.CreateDuplicateLenderUser"/>
  <testcase name="LenderUser" time="10.008" classname="APITestcases.CreateDuplicateLenderUser"/>
</testsuite> <!-- APITestcases.CreateDuplicateLenderUser -->
