<?xml version="1.0" encoding="UTF-8"?>
<!-- Generated by org.testng.reporters.JUnitReportReporter -->
<testsuite skipped="0" hostname="Nikhil-LP" name="APITestcases.LenderUser" tests="3" failures="0" timestamp="27 Jun 2021 09:33:23 GMT" time="20.659" errors="0">
  <testcase name="createLenderUser" time="7.860" classname="APITestcases.LenderUser"/>
  <testcase name="viewLenderUser" time="3.148" classname="APITestcases.LenderUser"/>
  <testcase name="updateLenderUser" time="9.651" classname="APITestcases.LenderUser"/>
</testsuite> <!-- APITestcases.LenderUser -->
