<?xml version="1.0" encoding="UTF-8"?>
<!-- Generated by org.testng.reporters.JUnitReportReporter -->
<testsuite skipped="0" hostname="Nikhil-LP" name="APITestcases.BorrowerUser" tests="4" failures="0" timestamp="25 Dec 2021 18:44:45 GMT" time="31.997" errors="0">
  <testcase name="createBorrowerUser" time="7.307" classname="APITestcases.BorrowerUser"/>
  <testcase name="createBorrowerWithDuplicateValues" time="2.326" classname="APITestcases.BorrowerUser"/>
  <testcase name="checkExistingBorrowerUser" time="19.919" classname="APITestcases.BorrowerUser"/>
  <testcase name="updatedBorrowerUser" time="2.445" classname="APITestcases.BorrowerUser"/>
</testsuite> <!-- APITestcases.BorrowerUser -->
