<?xml version="1.0" encoding="UTF-8"?>
<!-- Generated by org.testng.reporters.JUnitReportReporter -->
<testsuite skipped="0" hostname="Nikhil-LP" name="APITestcases.CreditLimit" tests="4" failures="0" timestamp="25 Dec 2021 14:16:22 GMT" time="7.980" errors="0">
  <testcase name="createBorrowerUser" time="2.281" classname="APITestcases.CreditLimit"/>
  <testcase name="bindingUserWithValidPartner" time="1.464" classname="APITestcases.CreditLimit"/>
  <testcase name="createCreditLimit" time="2.572" classname="APITestcases.CreditLimit"/>
  <testcase name="createCreditLimitForSameUser" time="1.663" classname="APITestcases.CreditLimit"/>
</testsuite> <!-- APITestcases.CreditLimit -->
