<?xml version="1.0" encoding="UTF-8"?>
<!-- Generated by org.testng.reporters.JUnitReportReporter -->
<testsuite skipped="0" hostname="Nikhil-LP" name="APITestcases.BindingAndRebinding" tests="4" failures="0" timestamp="28 Dec 2021 05:48:52 GMT" time="9.866" errors="0">
  <testcase name="createBorrowerUser" time="2.626" classname="APITestcases.BindingAndRebinding"/>
  <testcase name="bindingUserWithValidPartner" time="1.674" classname="APITestcases.BindingAndRebinding"/>
  <testcase name="bindingUserWithInValidPartner" time="1.707" classname="APITestcases.BindingAndRebinding"/>
  <testcase name="rebundingWithSameUser" time="3.859" classname="APITestcases.BindingAndRebinding"/>
</testsuite> <!-- APITestcases.BindingAndRebinding -->
