<?xml version="1.0" encoding="UTF-8"?>
<!-- Generated by org.testng.reporters.JUnitReportReporter -->
<testsuite skipped="0" hostname="Nikhil-LP" name="APITestcases.CreateDuplicatePartnerUser" tests="2" failures="0" timestamp="27 Jun 2021 09:33:23 GMT" time="18.787" errors="0">
  <testcase name="createPartnerUser" time="8.397" classname="APITestcases.CreateDuplicatePartnerUser"/>
  <testcase name="createDuplicatePartnerUser" time="10.390" classname="APITestcases.CreateDuplicatePartnerUser"/>
</testsuite> <!-- APITestcases.CreateDuplicatePartnerUser -->
