<?xml version="1.0" encoding="UTF-8"?>
<!-- Generated by org.testng.reporters.JUnitReportReporter -->
<testsuite skipped="0" hostname="Nikhil-LP" name="APITestcases.BorrowerUser" tests="4" failures="0" timestamp="28 Dec 2021 05:48:52 GMT" time="24.366" errors="0">
  <testcase name="createBorrowerUser" time="11.370" classname="APITestcases.BorrowerUser"/>
  <testcase name="createBorrowerWithDuplicateValues" time="4.126" classname="APITestcases.BorrowerUser"/>
  <testcase name="checkExistingBorrowerUser" time="4.907" classname="APITestcases.BorrowerUser"/>
  <testcase name="updatedBorrowerUser" time="3.963" classname="APITestcases.BorrowerUser"/>
</testsuite> <!-- APITestcases.BorrowerUser -->
