<?xml version="1.0" encoding="UTF-8"?>
<!-- Generated by org.testng.reporters.JUnitReportReporter -->
<testsuite skipped="0" hostname="Nikhil-LP" name="APITestcases.BindingAndRebinding" tests="4" failures="0" timestamp="25 Dec 2021 18:44:45 GMT" time="8.988" errors="0">
  <testcase name="createBorrowerUser" time="2.702" classname="APITestcases.BindingAndRebinding"/>
  <testcase name="bindingUserWithValidPartner" time="2.115" classname="APITestcases.BindingAndRebinding"/>
  <testcase name="bindingUserWithInValidPartner" time="2.066" classname="APITestcases.BindingAndRebinding"/>
  <testcase name="rebundingWithSameUser" time="2.105" classname="APITestcases.BindingAndRebinding"/>
</testsuite> <!-- APITestcases.BindingAndRebinding -->
