<?xml version="1.0" encoding="UTF-8"?>
<!-- Generated by org.testng.reporters.JUnitReportReporter -->
<testsuite skipped="0" hostname="Nikhil-LP" name="APITestcases.UpdateCreditLimit" tests="5" failures="0" timestamp="25 Dec 2021 14:16:22 GMT" time="8.483" errors="0">
  <testcase name="createBorrowerUser" time="2.017" classname="APITestcases.UpdateCreditLimit"/>
  <testcase name="bindingUserWithValidPartner" time="1.491" classname="APITestcases.UpdateCreditLimit"/>
  <testcase name="createCreditLimit" time="1.547" classname="APITestcases.UpdateCreditLimit"/>
  <testcase name="createCreditLimitForSameUser" time="1.542" classname="APITestcases.UpdateCreditLimit"/>
  <testcase name="UpdateCreditLimitForUser" time="1.886" classname="APITestcases.UpdateCreditLimit"/>
</testsuite> <!-- APITestcases.UpdateCreditLimit -->
